{"name":"User should be able to submit form by entering valid details","status":"broken","statusDetails":{"known":false,"muted":false,"flaky":false,"message":"session not created: This version of ChromeDriver only supports Chrome version 111\nCurrent browser version is 110.0.5481.77 with binary path C:\\Program Files\\Google\\Chrome\\Application\\chrome.exe\nBuild info: version: '3.11.0', revision: 'e59cfb3', time: '2018-03-11T20:26:55.152Z'\nSystem info: host: 'SS-LPT-LEN-JDFC', ip: '127.0.0.1', os.name: 'Windows 10', os.arch: 'amd64', os.version: '10.0', java.version: '17'\nDriver info: driver.version: ChromeDriver\nremote stacktrace: Backtrace:\n\t(No symbol) [0x00A9E3E3]\n\t(No symbol) [0x00A33B31]\n\t(No symbol) [0x00944FE8]\n\t(No symbol) [0x0096517C]\n\t(No symbol) [0x00960F71]\n\t(No symbol) [0x0095EF79]\n\t(No symbol) [0x0099179E]\n\t(No symbol) [0x0099148C]\n\t(No symbol) [0x0098AEB6]\n\t(No symbol) [0x00967178]\n\t(No symbol) [0x009682DD]\n\tGetHandleVerifier [0x00D13D32+2505650]\n\tGetHandleVerifier [0x00D492A5+2724133]\n\tGetHandleVerifier [0x00D4DE3C+2743484]\n\tGetHandleVerifier [0x00B45B30+612784]\n\t(No symbol) [0x00A3C852]\n\t(No symbol) [0x00A42128]\n\t(No symbol) [0x00A4220B]\n\t(No symbol) [0x00A4C9EB]\n\tBaseThreadInitThunk [0x75D400F9+25]\n\tRtlGetAppContainerNamedObjectPath [0x77487BBE+286]\n\tRtlGetAppContainerNamedObjectPath [0x77487B8E+238]\n","trace":"org.openqa.selenium.SessionNotCreatedException: session not created: This version of ChromeDriver only supports Chrome version 111\nCurrent browser version is 110.0.5481.77 with binary path C:\\Program Files\\Google\\Chrome\\Application\\chrome.exe\nBuild info: version: '3.11.0', revision: 'e59cfb3', time: '2018-03-11T20:26:55.152Z'\nSystem info: host: 'SS-LPT-LEN-JDFC', ip: '127.0.0.1', os.name: 'Windows 10', os.arch: 'amd64', os.version: '10.0', java.version: '17'\nDriver info: driver.version: ChromeDriver\nremote stacktrace: Backtrace:\n\t(No symbol) [0x00A9E3E3]\n\t(No symbol) [0x00A33B31]\n\t(No symbol) [0x00944FE8]\n\t(No symbol) [0x0096517C]\n\t(No symbol) [0x00960F71]\n\t(No symbol) [0x0095EF79]\n\t(No symbol) [0x0099179E]\n\t(No symbol) [0x0099148C]\n\t(No symbol) [0x0098AEB6]\n\t(No symbol) [0x00967178]\n\t(No symbol) [0x009682DD]\n\tGetHandleVerifier [0x00D13D32+2505650]\n\tGetHandleVerifier [0x00D492A5+2724133]\n\tGetHandleVerifier [0x00D4DE3C+2743484]\n\tGetHandleVerifier [0x00B45B30+612784]\n\t(No symbol) [0x00A3C852]\n\t(No symbol) [0x00A42128]\n\t(No symbol) [0x00A4220B]\n\t(No symbol) [0x00A4C9EB]\n\tBaseThreadInitThunk [0x75D400F9+25]\n\tRtlGetAppContainerNamedObjectPath [0x77487BBE+286]\n\tRtlGetAppContainerNamedObjectPath [0x77487B8E+238]\n\r\n\tat java.base/jdk.internal.reflect.NativeConstructorAccessorImpl.newInstance0(Native Method)\r\n\tat java.base/jdk.internal.reflect.NativeConstructorAccessorImpl.newInstance(NativeConstructorAccessorImpl.java:77)\r\n\tat java.base/jdk.internal.reflect.DelegatingConstructorAccessorImpl.newInstance(DelegatingConstructorAccessorImpl.java:45)\r\n\tat java.base/java.lang.reflect.Constructor.newInstanceWithCaller(Constructor.java:499)\r\n\tat java.base/java.lang.reflect.Constructor.newInstance(Constructor.java:480)\r\n\tat org.openqa.selenium.remote.W3CHandshakeResponse.lambda$new$0(W3CHandshakeResponse.java:57)\r\n\tat org.openqa.selenium.remote.W3CHandshakeResponse.lambda$getResponseFunction$2(W3CHandshakeResponse.java:104)\r\n\tat org.openqa.selenium.remote.ProtocolHandshake.lambda$createSession$0(ProtocolHandshake.java:123)\r\n\tat java.base/java.util.stream.ReferencePipeline$3$1.accept(ReferencePipeline.java:197)\r\n\tat java.base/java.util.Spliterators$ArraySpliterator.tryAdvance(Spliterators.java:1002)\r\n\tat java.base/java.util.stream.ReferencePipeline.forEachWithCancel(ReferencePipeline.java:129)\r\n\tat java.base/java.util.stream.AbstractPipeline.copyIntoWithCancel(AbstractPipeline.java:527)\r\n\tat java.base/java.util.stream.AbstractPipeline.copyInto(AbstractPipeline.java:513)\r\n\tat java.base/java.util.stream.AbstractPipeline.wrapAndCopyInto(AbstractPipeline.java:499)\r\n\tat java.base/java.util.stream.FindOps$FindOp.evaluateSequential(FindOps.java:150)\r\n\tat java.base/java.util.stream.AbstractPipeline.evaluate(AbstractPipeline.java:234)\r\n\tat java.base/java.util.stream.ReferencePipeline.findFirst(ReferencePipeline.java:647)\r\n\tat org.openqa.selenium.remote.ProtocolHandshake.createSession(ProtocolHandshake.java:126)\r\n\tat org.openqa.selenium.remote.ProtocolHandshake.createSession(ProtocolHandshake.java:73)\r\n\tat org.openqa.selenium.remote.HttpCommandExecutor.execute(HttpCommandExecutor.java:136)\r\n\tat org.openqa.selenium.remote.service.DriverCommandExecutor.execute(DriverCommandExecutor.java:83)\r\n\tat org.openqa.selenium.remote.RemoteWebDriver.execute(RemoteWebDriver.java:545)\r\n\tat org.openqa.selenium.remote.RemoteWebDriver.startSession(RemoteWebDriver.java:209)\r\n\tat org.openqa.selenium.remote.RemoteWebDriver.<init>(RemoteWebDriver.java:132)\r\n\tat org.openqa.selenium.chrome.ChromeDriver.<init>(ChromeDriver.java:181)\r\n\tat org.openqa.selenium.chrome.ChromeDriver.<init>(ChromeDriver.java:168)\r\n\tat org.openqa.selenium.chrome.ChromeDriver.<init>(ChromeDriver.java:123)\r\n\tat StepDefinition.login.URL_should_open_successfully(login.java:36)\r\n\tat ✽.URL should open successfully(file:src/main/java/Feature/login.feature:5)\r\n"},"stage":"finished","steps":[{"name":"Given  URL should open successfully","status":"broken","statusDetails":{"known":false,"muted":false,"flaky":false,"message":"session not created: This version of ChromeDriver only supports Chrome version 111\nCurrent browser version is 110.0.5481.77 with binary path C:\\Program Files\\Google\\Chrome\\Application\\chrome.exe\nBuild info: version: '3.11.0', revision: 'e59cfb3', time: '2018-03-11T20:26:55.152Z'\nSystem info: host: 'SS-LPT-LEN-JDFC', ip: '127.0.0.1', os.name: 'Windows 10', os.arch: 'amd64', os.version: '10.0', java.version: '17'\nDriver info: driver.version: ChromeDriver\nremote stacktrace: Backtrace:\n\t(No symbol) [0x00A9E3E3]\n\t(No symbol) [0x00A33B31]\n\t(No symbol) [0x00944FE8]\n\t(No symbol) [0x0096517C]\n\t(No symbol) [0x00960F71]\n\t(No symbol) [0x0095EF79]\n\t(No symbol) [0x0099179E]\n\t(No symbol) [0x0099148C]\n\t(No symbol) [0x0098AEB6]\n\t(No symbol) [0x00967178]\n\t(No symbol) [0x009682DD]\n\tGetHandleVerifier [0x00D13D32+2505650]\n\tGetHandleVerifier [0x00D492A5+2724133]\n\tGetHandleVerifier [0x00D4DE3C+2743484]\n\tGetHandleVerifier [0x00B45B30+612784]\n\t(No symbol) [0x00A3C852]\n\t(No symbol) [0x00A42128]\n\t(No symbol) [0x00A4220B]\n\t(No symbol) [0x00A4C9EB]\n\tBaseThreadInitThunk [0x75D400F9+25]\n\tRtlGetAppContainerNamedObjectPath [0x77487BBE+286]\n\tRtlGetAppContainerNamedObjectPath [0x77487B8E+238]\n","trace":"org.openqa.selenium.SessionNotCreatedException: session not created: This version of ChromeDriver only supports Chrome version 111\nCurrent browser version is 110.0.5481.77 with binary path C:\\Program Files\\Google\\Chrome\\Application\\chrome.exe\nBuild info: version: '3.11.0', revision: 'e59cfb3', time: '2018-03-11T20:26:55.152Z'\nSystem info: host: 'SS-LPT-LEN-JDFC', ip: '127.0.0.1', os.name: 'Windows 10', os.arch: 'amd64', os.version: '10.0', java.version: '17'\nDriver info: driver.version: ChromeDriver\nremote stacktrace: Backtrace:\n\t(No symbol) [0x00A9E3E3]\n\t(No symbol) [0x00A33B31]\n\t(No symbol) [0x00944FE8]\n\t(No symbol) [0x0096517C]\n\t(No symbol) [0x00960F71]\n\t(No symbol) [0x0095EF79]\n\t(No symbol) [0x0099179E]\n\t(No symbol) [0x0099148C]\n\t(No symbol) [0x0098AEB6]\n\t(No symbol) [0x00967178]\n\t(No symbol) [0x009682DD]\n\tGetHandleVerifier [0x00D13D32+2505650]\n\tGetHandleVerifier [0x00D492A5+2724133]\n\tGetHandleVerifier [0x00D4DE3C+2743484]\n\tGetHandleVerifier [0x00B45B30+612784]\n\t(No symbol) [0x00A3C852]\n\t(No symbol) [0x00A42128]\n\t(No symbol) [0x00A4220B]\n\t(No symbol) [0x00A4C9EB]\n\tBaseThreadInitThunk [0x75D400F9+25]\n\tRtlGetAppContainerNamedObjectPath [0x77487BBE+286]\n\tRtlGetAppContainerNamedObjectPath [0x77487B8E+238]\n\r\n\tat java.base/jdk.internal.reflect.NativeConstructorAccessorImpl.newInstance0(Native Method)\r\n\tat java.base/jdk.internal.reflect.NativeConstructorAccessorImpl.newInstance(NativeConstructorAccessorImpl.java:77)\r\n\tat java.base/jdk.internal.reflect.DelegatingConstructorAccessorImpl.newInstance(DelegatingConstructorAccessorImpl.java:45)\r\n\tat java.base/java.lang.reflect.Constructor.newInstanceWithCaller(Constructor.java:499)\r\n\tat java.base/java.lang.reflect.Constructor.newInstance(Constructor.java:480)\r\n\tat org.openqa.selenium.remote.W3CHandshakeResponse.lambda$new$0(W3CHandshakeResponse.java:57)\r\n\tat org.openqa.selenium.remote.W3CHandshakeResponse.lambda$getResponseFunction$2(W3CHandshakeResponse.java:104)\r\n\tat org.openqa.selenium.remote.ProtocolHandshake.lambda$createSession$0(ProtocolHandshake.java:123)\r\n\tat java.base/java.util.stream.ReferencePipeline$3$1.accept(ReferencePipeline.java:197)\r\n\tat java.base/java.util.Spliterators$ArraySpliterator.tryAdvance(Spliterators.java:1002)\r\n\tat java.base/java.util.stream.ReferencePipeline.forEachWithCancel(ReferencePipeline.java:129)\r\n\tat java.base/java.util.stream.AbstractPipeline.copyIntoWithCancel(AbstractPipeline.java:527)\r\n\tat java.base/java.util.stream.AbstractPipeline.copyInto(AbstractPipeline.java:513)\r\n\tat java.base/java.util.stream.AbstractPipeline.wrapAndCopyInto(AbstractPipeline.java:499)\r\n\tat java.base/java.util.stream.FindOps$FindOp.evaluateSequential(FindOps.java:150)\r\n\tat java.base/java.util.stream.AbstractPipeline.evaluate(AbstractPipeline.java:234)\r\n\tat java.base/java.util.stream.ReferencePipeline.findFirst(ReferencePipeline.java:647)\r\n\tat org.openqa.selenium.remote.ProtocolHandshake.createSession(ProtocolHandshake.java:126)\r\n\tat org.openqa.selenium.remote.ProtocolHandshake.createSession(ProtocolHandshake.java:73)\r\n\tat org.openqa.selenium.remote.HttpCommandExecutor.execute(HttpCommandExecutor.java:136)\r\n\tat org.openqa.selenium.remote.service.DriverCommandExecutor.execute(DriverCommandExecutor.java:83)\r\n\tat org.openqa.selenium.remote.RemoteWebDriver.execute(RemoteWebDriver.java:545)\r\n\tat org.openqa.selenium.remote.RemoteWebDriver.startSession(RemoteWebDriver.java:209)\r\n\tat org.openqa.selenium.remote.RemoteWebDriver.<init>(RemoteWebDriver.java:132)\r\n\tat org.openqa.selenium.chrome.ChromeDriver.<init>(ChromeDriver.java:181)\r\n\tat org.openqa.selenium.chrome.ChromeDriver.<init>(ChromeDriver.java:168)\r\n\tat org.openqa.selenium.chrome.ChromeDriver.<init>(ChromeDriver.java:123)\r\n\tat StepDefinition.login.URL_should_open_successfully(login.java:36)\r\n\tat ✽.URL should open successfully(file:src/main/java/Feature/login.feature:5)\r\n"},"stage":"finished","steps":[],"attachments":[],"parameters":[],"start":1676138616136,"stop":1676138617611},{"name":"When  user click on walk_through button","status":"skipped","statusDetails":{"known":false,"muted":false,"flaky":false},"stage":"finished","steps":[],"attachments":[],"parameters":[],"start":1676138617612,"stop":1676138617614},{"name":"When  user enter first name","status":"skipped","statusDetails":{"known":false,"muted":false,"flaky":false},"stage":"finished","steps":[],"attachments":[],"parameters":[],"start":1676138617615,"stop":1676138617618},{"name":"When  user enter last name","status":"skipped","statusDetails":{"known":false,"muted":false,"flaky":false},"stage":"finished","steps":[],"attachments":[],"parameters":[],"start":1676138617618,"stop":1676138617619},{"name":"When  user enter email address","status":"skipped","statusDetails":{"known":false,"muted":false,"flaky":false},"stage":"finished","steps":[],"attachments":[],"parameters":[],"start":1676138617619,"stop":1676138617620},{"name":"When  user enter phone number","status":"skipped","statusDetails":{"known":false,"muted":false,"flaky":false},"stage":"finished","steps":[],"attachments":[],"parameters":[],"start":1676138617621,"stop":1676138617621},{"name":"When  user enter valid date","status":"skipped","statusDetails":{"known":false,"muted":false,"flaky":false},"stage":"finished","steps":[],"attachments":[],"parameters":[],"start":1676138617622,"stop":1676138617624},{"name":"Then  user click on submit button","status":"skipped","statusDetails":{"known":false,"muted":false,"flaky":false},"stage":"finished","steps":[],"attachments":[],"parameters":[],"start":1676138617625,"stop":1676138617626},{"name":"Then  form should be submitted successfully 'Thank you for contacting us. Your Demo has been scheduled.'","status":"skipped","statusDetails":{"known":false,"muted":false,"flaky":false},"stage":"finished","steps":[],"attachments":[],"parameters":[],"start":1676138617626,"stop":1676138617627}],"attachments":[],"parameters":[],"start":1676138616132,"stop":1676138617631,"uuid":"731e0bb6-8d4c-46fa-8649-c6c07c4c6290","historyId":"823c3e7e4fed4dd1f896bb7e204e3660","fullName":"login: User should be able to submit form by entering valid details","labels":[{"name":"host","value":"SS-LPT-LEN-JDFC"},{"name":"thread","value":"5432@SS-LPT-LEN-JDFC.main(1)"},{"name":"feature","value":"login"},{"name":"story","value":"User should be able to submit form by entering valid details"},{"name":"package","value":"src.main.java.Feature.login"},{"name":"suite","value":"login"},{"name":"testClass","value":"User should be able to submit form by entering valid details"},{"name":"framework","value":"cucumber4jvm"},{"name":"language","value":"java"},{"name":"gherkin_uri","value":"file:src/main/java/Feature/login.feature"}],"links":[]}