{"name":"User should be able to submit form by entering valid details","status":"broken","statusDetails":{"known":false,"muted":false,"flaky":false,"message":"session not created: This version of ChromeDriver only supports Chrome version 85\nBuild info: version: '3.11.0', revision: 'e59cfb3', time: '2018-03-11T20:26:55.152Z'\nSystem info: host: 'SS-LPT-LEN-JDFC', ip: '127.0.0.1', os.name: 'Windows 10', os.arch: 'amd64', os.version: '10.0', java.version: '17'\nDriver info: driver.version: ChromeDriver\nremote stacktrace: Backtrace:\n\tOrdinal0 [0x0094D383+3134339]\n\tOrdinal0 [0x0083A171+2007409]\n\tOrdinal0 [0x006DAEE8+569064]\n\tOrdinal0 [0x0066139F+70559]\n\tOrdinal0 [0x0065CC63+52323]\n\tOrdinal0 [0x00680DFC+200188]\n\tOrdinal0 [0x00680C1D+199709]\n\tOrdinal0 [0x0067EB0B+191243]\n\tOrdinal0 [0x00662E77+77431]\n\tOrdinal0 [0x00663E3E+81470]\n\tOrdinal0 [0x00663DC9+81353]\n\tOrdinal0 [0x00850CD9+2100441]\n\tGetHandleVerifier [0x00ABB75A+1396954]\n\tGetHandleVerifier [0x00ABB3D9+1396057]\n\tGetHandleVerifier [0x00AC7126+1444518]\n\tGetHandleVerifier [0x00ABBCE8+1398376]\n\tOrdinal0 [0x00847F51+2064209]\n\tOrdinal0 [0x008522EB+2106091]\n\tOrdinal0 [0x00852411+2106385]\n\tOrdinal0 [0x008649C4+2181572]\n\tBaseThreadInitThunk [0x75D400F9+25]\n\tRtlGetAppContainerNamedObjectPath [0x77487BBE+286]\n\tRtlGetAppContainerNamedObjectPath [0x77487B8E+238]\n","trace":"org.openqa.selenium.SessionNotCreatedException: session not created: This version of ChromeDriver only supports Chrome version 85\nBuild info: version: '3.11.0', revision: 'e59cfb3', time: '2018-03-11T20:26:55.152Z'\nSystem info: host: 'SS-LPT-LEN-JDFC', ip: '127.0.0.1', os.name: 'Windows 10', os.arch: 'amd64', os.version: '10.0', java.version: '17'\nDriver info: driver.version: ChromeDriver\nremote stacktrace: Backtrace:\n\tOrdinal0 [0x0094D383+3134339]\n\tOrdinal0 [0x0083A171+2007409]\n\tOrdinal0 [0x006DAEE8+569064]\n\tOrdinal0 [0x0066139F+70559]\n\tOrdinal0 [0x0065CC63+52323]\n\tOrdinal0 [0x00680DFC+200188]\n\tOrdinal0 [0x00680C1D+199709]\n\tOrdinal0 [0x0067EB0B+191243]\n\tOrdinal0 [0x00662E77+77431]\n\tOrdinal0 [0x00663E3E+81470]\n\tOrdinal0 [0x00663DC9+81353]\n\tOrdinal0 [0x00850CD9+2100441]\n\tGetHandleVerifier [0x00ABB75A+1396954]\n\tGetHandleVerifier [0x00ABB3D9+1396057]\n\tGetHandleVerifier [0x00AC7126+1444518]\n\tGetHandleVerifier [0x00ABBCE8+1398376]\n\tOrdinal0 [0x00847F51+2064209]\n\tOrdinal0 [0x008522EB+2106091]\n\tOrdinal0 [0x00852411+2106385]\n\tOrdinal0 [0x008649C4+2181572]\n\tBaseThreadInitThunk [0x75D400F9+25]\n\tRtlGetAppContainerNamedObjectPath [0x77487BBE+286]\n\tRtlGetAppContainerNamedObjectPath [0x77487B8E+238]\n\r\n\tat java.base/jdk.internal.reflect.NativeConstructorAccessorImpl.newInstance0(Native Method)\r\n\tat java.base/jdk.internal.reflect.NativeConstructorAccessorImpl.newInstance(NativeConstructorAccessorImpl.java:77)\r\n\tat java.base/jdk.internal.reflect.DelegatingConstructorAccessorImpl.newInstance(DelegatingConstructorAccessorImpl.java:45)\r\n\tat java.base/java.lang.reflect.Constructor.newInstanceWithCaller(Constructor.java:499)\r\n\tat java.base/java.lang.reflect.Constructor.newInstance(Constructor.java:480)\r\n\tat org.openqa.selenium.remote.W3CHandshakeResponse.lambda$new$0(W3CHandshakeResponse.java:57)\r\n\tat org.openqa.selenium.remote.W3CHandshakeResponse.lambda$getResponseFunction$2(W3CHandshakeResponse.java:104)\r\n\tat org.openqa.selenium.remote.ProtocolHandshake.lambda$createSession$0(ProtocolHandshake.java:123)\r\n\tat java.base/java.util.stream.ReferencePipeline$3$1.accept(ReferencePipeline.java:197)\r\n\tat java.base/java.util.Spliterators$ArraySpliterator.tryAdvance(Spliterators.java:1002)\r\n\tat java.base/java.util.stream.ReferencePipeline.forEachWithCancel(ReferencePipeline.java:129)\r\n\tat java.base/java.util.stream.AbstractPipeline.copyIntoWithCancel(AbstractPipeline.java:527)\r\n\tat java.base/java.util.stream.AbstractPipeline.copyInto(AbstractPipeline.java:513)\r\n\tat java.base/java.util.stream.AbstractPipeline.wrapAndCopyInto(AbstractPipeline.java:499)\r\n\tat java.base/java.util.stream.FindOps$FindOp.evaluateSequential(FindOps.java:150)\r\n\tat java.base/java.util.stream.AbstractPipeline.evaluate(AbstractPipeline.java:234)\r\n\tat java.base/java.util.stream.ReferencePipeline.findFirst(ReferencePipeline.java:647)\r\n\tat org.openqa.selenium.remote.ProtocolHandshake.createSession(ProtocolHandshake.java:126)\r\n\tat org.openqa.selenium.remote.ProtocolHandshake.createSession(ProtocolHandshake.java:73)\r\n\tat org.openqa.selenium.remote.HttpCommandExecutor.execute(HttpCommandExecutor.java:136)\r\n\tat org.openqa.selenium.remote.service.DriverCommandExecutor.execute(DriverCommandExecutor.java:83)\r\n\tat org.openqa.selenium.remote.RemoteWebDriver.execute(RemoteWebDriver.java:545)\r\n\tat org.openqa.selenium.remote.RemoteWebDriver.startSession(RemoteWebDriver.java:209)\r\n\tat org.openqa.selenium.remote.RemoteWebDriver.<init>(RemoteWebDriver.java:132)\r\n\tat org.openqa.selenium.chrome.ChromeDriver.<init>(ChromeDriver.java:181)\r\n\tat org.openqa.selenium.chrome.ChromeDriver.<init>(ChromeDriver.java:168)\r\n\tat org.openqa.selenium.chrome.ChromeDriver.<init>(ChromeDriver.java:123)\r\n\tat StepDefinition.login.URL_should_open_successfully(login.java:36)\r\n\tat ✽.URL should open successfully(file:src/main/java/Feature/login.feature:5)\r\n"},"stage":"finished","steps":[{"name":"Given  URL should open successfully","status":"broken","statusDetails":{"known":false,"muted":false,"flaky":false,"message":"session not created: This version of ChromeDriver only supports Chrome version 85\nBuild info: version: '3.11.0', revision: 'e59cfb3', time: '2018-03-11T20:26:55.152Z'\nSystem info: host: 'SS-LPT-LEN-JDFC', ip: '127.0.0.1', os.name: 'Windows 10', os.arch: 'amd64', os.version: '10.0', java.version: '17'\nDriver info: driver.version: ChromeDriver\nremote stacktrace: Backtrace:\n\tOrdinal0 [0x0094D383+3134339]\n\tOrdinal0 [0x0083A171+2007409]\n\tOrdinal0 [0x006DAEE8+569064]\n\tOrdinal0 [0x0066139F+70559]\n\tOrdinal0 [0x0065CC63+52323]\n\tOrdinal0 [0x00680DFC+200188]\n\tOrdinal0 [0x00680C1D+199709]\n\tOrdinal0 [0x0067EB0B+191243]\n\tOrdinal0 [0x00662E77+77431]\n\tOrdinal0 [0x00663E3E+81470]\n\tOrdinal0 [0x00663DC9+81353]\n\tOrdinal0 [0x00850CD9+2100441]\n\tGetHandleVerifier [0x00ABB75A+1396954]\n\tGetHandleVerifier [0x00ABB3D9+1396057]\n\tGetHandleVerifier [0x00AC7126+1444518]\n\tGetHandleVerifier [0x00ABBCE8+1398376]\n\tOrdinal0 [0x00847F51+2064209]\n\tOrdinal0 [0x008522EB+2106091]\n\tOrdinal0 [0x00852411+2106385]\n\tOrdinal0 [0x008649C4+2181572]\n\tBaseThreadInitThunk [0x75D400F9+25]\n\tRtlGetAppContainerNamedObjectPath [0x77487BBE+286]\n\tRtlGetAppContainerNamedObjectPath [0x77487B8E+238]\n","trace":"org.openqa.selenium.SessionNotCreatedException: session not created: This version of ChromeDriver only supports Chrome version 85\nBuild info: version: '3.11.0', revision: 'e59cfb3', time: '2018-03-11T20:26:55.152Z'\nSystem info: host: 'SS-LPT-LEN-JDFC', ip: '127.0.0.1', os.name: 'Windows 10', os.arch: 'amd64', os.version: '10.0', java.version: '17'\nDriver info: driver.version: ChromeDriver\nremote stacktrace: Backtrace:\n\tOrdinal0 [0x0094D383+3134339]\n\tOrdinal0 [0x0083A171+2007409]\n\tOrdinal0 [0x006DAEE8+569064]\n\tOrdinal0 [0x0066139F+70559]\n\tOrdinal0 [0x0065CC63+52323]\n\tOrdinal0 [0x00680DFC+200188]\n\tOrdinal0 [0x00680C1D+199709]\n\tOrdinal0 [0x0067EB0B+191243]\n\tOrdinal0 [0x00662E77+77431]\n\tOrdinal0 [0x00663E3E+81470]\n\tOrdinal0 [0x00663DC9+81353]\n\tOrdinal0 [0x00850CD9+2100441]\n\tGetHandleVerifier [0x00ABB75A+1396954]\n\tGetHandleVerifier [0x00ABB3D9+1396057]\n\tGetHandleVerifier [0x00AC7126+1444518]\n\tGetHandleVerifier [0x00ABBCE8+1398376]\n\tOrdinal0 [0x00847F51+2064209]\n\tOrdinal0 [0x008522EB+2106091]\n\tOrdinal0 [0x00852411+2106385]\n\tOrdinal0 [0x008649C4+2181572]\n\tBaseThreadInitThunk [0x75D400F9+25]\n\tRtlGetAppContainerNamedObjectPath [0x77487BBE+286]\n\tRtlGetAppContainerNamedObjectPath [0x77487B8E+238]\n\r\n\tat java.base/jdk.internal.reflect.NativeConstructorAccessorImpl.newInstance0(Native Method)\r\n\tat java.base/jdk.internal.reflect.NativeConstructorAccessorImpl.newInstance(NativeConstructorAccessorImpl.java:77)\r\n\tat java.base/jdk.internal.reflect.DelegatingConstructorAccessorImpl.newInstance(DelegatingConstructorAccessorImpl.java:45)\r\n\tat java.base/java.lang.reflect.Constructor.newInstanceWithCaller(Constructor.java:499)\r\n\tat java.base/java.lang.reflect.Constructor.newInstance(Constructor.java:480)\r\n\tat org.openqa.selenium.remote.W3CHandshakeResponse.lambda$new$0(W3CHandshakeResponse.java:57)\r\n\tat org.openqa.selenium.remote.W3CHandshakeResponse.lambda$getResponseFunction$2(W3CHandshakeResponse.java:104)\r\n\tat org.openqa.selenium.remote.ProtocolHandshake.lambda$createSession$0(ProtocolHandshake.java:123)\r\n\tat java.base/java.util.stream.ReferencePipeline$3$1.accept(ReferencePipeline.java:197)\r\n\tat java.base/java.util.Spliterators$ArraySpliterator.tryAdvance(Spliterators.java:1002)\r\n\tat java.base/java.util.stream.ReferencePipeline.forEachWithCancel(ReferencePipeline.java:129)\r\n\tat java.base/java.util.stream.AbstractPipeline.copyIntoWithCancel(AbstractPipeline.java:527)\r\n\tat java.base/java.util.stream.AbstractPipeline.copyInto(AbstractPipeline.java:513)\r\n\tat java.base/java.util.stream.AbstractPipeline.wrapAndCopyInto(AbstractPipeline.java:499)\r\n\tat java.base/java.util.stream.FindOps$FindOp.evaluateSequential(FindOps.java:150)\r\n\tat java.base/java.util.stream.AbstractPipeline.evaluate(AbstractPipeline.java:234)\r\n\tat java.base/java.util.stream.ReferencePipeline.findFirst(ReferencePipeline.java:647)\r\n\tat org.openqa.selenium.remote.ProtocolHandshake.createSession(ProtocolHandshake.java:126)\r\n\tat org.openqa.selenium.remote.ProtocolHandshake.createSession(ProtocolHandshake.java:73)\r\n\tat org.openqa.selenium.remote.HttpCommandExecutor.execute(HttpCommandExecutor.java:136)\r\n\tat org.openqa.selenium.remote.service.DriverCommandExecutor.execute(DriverCommandExecutor.java:83)\r\n\tat org.openqa.selenium.remote.RemoteWebDriver.execute(RemoteWebDriver.java:545)\r\n\tat org.openqa.selenium.remote.RemoteWebDriver.startSession(RemoteWebDriver.java:209)\r\n\tat org.openqa.selenium.remote.RemoteWebDriver.<init>(RemoteWebDriver.java:132)\r\n\tat org.openqa.selenium.chrome.ChromeDriver.<init>(ChromeDriver.java:181)\r\n\tat org.openqa.selenium.chrome.ChromeDriver.<init>(ChromeDriver.java:168)\r\n\tat org.openqa.selenium.chrome.ChromeDriver.<init>(ChromeDriver.java:123)\r\n\tat StepDefinition.login.URL_should_open_successfully(login.java:36)\r\n\tat ✽.URL should open successfully(file:src/main/java/Feature/login.feature:5)\r\n"},"stage":"finished","steps":[],"attachments":[],"parameters":[],"start":1676138588849,"stop":1676138590246},{"name":"When  user click on walk_through button","status":"skipped","statusDetails":{"known":false,"muted":false,"flaky":false},"stage":"finished","steps":[],"attachments":[],"parameters":[],"start":1676138590247,"stop":1676138590248},{"name":"When  user enter first name","status":"skipped","statusDetails":{"known":false,"muted":false,"flaky":false},"stage":"finished","steps":[],"attachments":[],"parameters":[],"start":1676138590248,"stop":1676138590249},{"name":"When  user enter last name","status":"skipped","statusDetails":{"known":false,"muted":false,"flaky":false},"stage":"finished","steps":[],"attachments":[],"parameters":[],"start":1676138590250,"stop":1676138590250},{"name":"When  user enter email address","status":"skipped","statusDetails":{"known":false,"muted":false,"flaky":false},"stage":"finished","steps":[],"attachments":[],"parameters":[],"start":1676138590250,"stop":1676138590251},{"name":"When  user enter phone number","status":"skipped","statusDetails":{"known":false,"muted":false,"flaky":false},"stage":"finished","steps":[],"attachments":[],"parameters":[],"start":1676138590251,"stop":1676138590251},{"name":"When  user enter valid date","status":"skipped","statusDetails":{"known":false,"muted":false,"flaky":false},"stage":"finished","steps":[],"attachments":[],"parameters":[],"start":1676138590253,"stop":1676138590253},{"name":"Then  user click on submit button","status":"skipped","statusDetails":{"known":false,"muted":false,"flaky":false},"stage":"finished","steps":[],"attachments":[],"parameters":[],"start":1676138590253,"stop":1676138590254},{"name":"Then  form should be submitted successfully 'Thank you for contacting us. Your Demo has been scheduled.'","status":"skipped","statusDetails":{"known":false,"muted":false,"flaky":false},"stage":"finished","steps":[],"attachments":[],"parameters":[],"start":1676138590254,"stop":1676138590254}],"attachments":[],"parameters":[],"start":1676138588846,"stop":1676138590258,"uuid":"a56856ae-4037-48e0-8b74-4bd18bc2e793","historyId":"823c3e7e4fed4dd1f896bb7e204e3660","fullName":"login: User should be able to submit form by entering valid details","labels":[{"name":"host","value":"SS-LPT-LEN-JDFC"},{"name":"thread","value":"21176@SS-LPT-LEN-JDFC.main(1)"},{"name":"feature","value":"login"},{"name":"story","value":"User should be able to submit form by entering valid details"},{"name":"package","value":"src.main.java.Feature.login"},{"name":"suite","value":"login"},{"name":"testClass","value":"User should be able to submit form by entering valid details"},{"name":"framework","value":"cucumber4jvm"},{"name":"language","value":"java"},{"name":"gherkin_uri","value":"file:src/main/java/Feature/login.feature"}],"links":[]}