{"name":"User should be able to submit form by entering valid details","status":"broken","statusDetails":{"known":false,"muted":false,"flaky":false,"message":"session not created: This version of ChromeDriver only supports Chrome version 93\nCurrent browser version is 110.0.5481.77 with binary path C:\\Program Files\\Google\\Chrome\\Application\\chrome.exe\nBuild info: version: '3.11.0', revision: 'e59cfb3', time: '2018-03-11T20:26:55.152Z'\nSystem info: host: 'SS-LPT-LEN-JDFC', ip: '192.168.0.107', os.name: 'Windows 10', os.arch: 'amd64', os.version: '10.0', java.version: '17'\nDriver info: driver.version: ChromeDriver\nremote stacktrace: Backtrace:\n\tOrdinal0 [0x0054D403+2479107]\n\tOrdinal0 [0x004E7D51+2063697]\n\tOrdinal0 [0x003F20C8+1056968]\n\tOrdinal0 [0x0041043A+1180730]\n\tOrdinal0 [0x0040C355+1164117]\n\tOrdinal0 [0x00409B7F+1153919]\n\tOrdinal0 [0x00439CBF+1350847]\n\tOrdinal0 [0x0043992A+1349930]\n\tOrdinal0 [0x0043583B+1333307]\n\tOrdinal0 [0x00411F94+1187732]\n\tOrdinal0 [0x00412DE9+1191401]\n\tGetHandleVerifier [0x006CF3F6+1531734]\n\tGetHandleVerifier [0x0077E9AE+2249998]\n\tGetHandleVerifier [0x005D39AB+501003]\n\tGetHandleVerifier [0x005D2A29+497033]\n\tOrdinal0 [0x004ED11D+2085149]\n\tOrdinal0 [0x004F11C8+2101704]\n\tOrdinal0 [0x004F1302+2102018]\n\tOrdinal0 [0x004FAA71+2140785]\n\tBaseThreadInitThunk [0x75D400F9+25]\n\tRtlGetAppContainerNamedObjectPath [0x77487BBE+286]\n\tRtlGetAppContainerNamedObjectPath [0x77487B8E+238]\n","trace":"org.openqa.selenium.SessionNotCreatedException: session not created: This version of ChromeDriver only supports Chrome version 93\nCurrent browser version is 110.0.5481.77 with binary path C:\\Program Files\\Google\\Chrome\\Application\\chrome.exe\nBuild info: version: '3.11.0', revision: 'e59cfb3', time: '2018-03-11T20:26:55.152Z'\nSystem info: host: 'SS-LPT-LEN-JDFC', ip: '192.168.0.107', os.name: 'Windows 10', os.arch: 'amd64', os.version: '10.0', java.version: '17'\nDriver info: driver.version: ChromeDriver\nremote stacktrace: Backtrace:\n\tOrdinal0 [0x0054D403+2479107]\n\tOrdinal0 [0x004E7D51+2063697]\n\tOrdinal0 [0x003F20C8+1056968]\n\tOrdinal0 [0x0041043A+1180730]\n\tOrdinal0 [0x0040C355+1164117]\n\tOrdinal0 [0x00409B7F+1153919]\n\tOrdinal0 [0x00439CBF+1350847]\n\tOrdinal0 [0x0043992A+1349930]\n\tOrdinal0 [0x0043583B+1333307]\n\tOrdinal0 [0x00411F94+1187732]\n\tOrdinal0 [0x00412DE9+1191401]\n\tGetHandleVerifier [0x006CF3F6+1531734]\n\tGetHandleVerifier [0x0077E9AE+2249998]\n\tGetHandleVerifier [0x005D39AB+501003]\n\tGetHandleVerifier [0x005D2A29+497033]\n\tOrdinal0 [0x004ED11D+2085149]\n\tOrdinal0 [0x004F11C8+2101704]\n\tOrdinal0 [0x004F1302+2102018]\n\tOrdinal0 [0x004FAA71+2140785]\n\tBaseThreadInitThunk [0x75D400F9+25]\n\tRtlGetAppContainerNamedObjectPath [0x77487BBE+286]\n\tRtlGetAppContainerNamedObjectPath [0x77487B8E+238]\n\r\n\tat java.base/jdk.internal.reflect.NativeConstructorAccessorImpl.newInstance0(Native Method)\r\n\tat java.base/jdk.internal.reflect.NativeConstructorAccessorImpl.newInstance(NativeConstructorAccessorImpl.java:77)\r\n\tat java.base/jdk.internal.reflect.DelegatingConstructorAccessorImpl.newInstance(DelegatingConstructorAccessorImpl.java:45)\r\n\tat java.base/java.lang.reflect.Constructor.newInstanceWithCaller(Constructor.java:499)\r\n\tat java.base/java.lang.reflect.Constructor.newInstance(Constructor.java:480)\r\n\tat org.openqa.selenium.remote.W3CHandshakeResponse.lambda$new$0(W3CHandshakeResponse.java:57)\r\n\tat org.openqa.selenium.remote.W3CHandshakeResponse.lambda$getResponseFunction$2(W3CHandshakeResponse.java:104)\r\n\tat org.openqa.selenium.remote.ProtocolHandshake.lambda$createSession$0(ProtocolHandshake.java:123)\r\n\tat java.base/java.util.stream.ReferencePipeline$3$1.accept(ReferencePipeline.java:197)\r\n\tat java.base/java.util.Spliterators$ArraySpliterator.tryAdvance(Spliterators.java:1002)\r\n\tat java.base/java.util.stream.ReferencePipeline.forEachWithCancel(ReferencePipeline.java:129)\r\n\tat java.base/java.util.stream.AbstractPipeline.copyIntoWithCancel(AbstractPipeline.java:527)\r\n\tat java.base/java.util.stream.AbstractPipeline.copyInto(AbstractPipeline.java:513)\r\n\tat java.base/java.util.stream.AbstractPipeline.wrapAndCopyInto(AbstractPipeline.java:499)\r\n\tat java.base/java.util.stream.FindOps$FindOp.evaluateSequential(FindOps.java:150)\r\n\tat java.base/java.util.stream.AbstractPipeline.evaluate(AbstractPipeline.java:234)\r\n\tat java.base/java.util.stream.ReferencePipeline.findFirst(ReferencePipeline.java:647)\r\n\tat org.openqa.selenium.remote.ProtocolHandshake.createSession(ProtocolHandshake.java:126)\r\n\tat org.openqa.selenium.remote.ProtocolHandshake.createSession(ProtocolHandshake.java:73)\r\n\tat org.openqa.selenium.remote.HttpCommandExecutor.execute(HttpCommandExecutor.java:136)\r\n\tat org.openqa.selenium.remote.service.DriverCommandExecutor.execute(DriverCommandExecutor.java:83)\r\n\tat org.openqa.selenium.remote.RemoteWebDriver.execute(RemoteWebDriver.java:545)\r\n\tat org.openqa.selenium.remote.RemoteWebDriver.startSession(RemoteWebDriver.java:209)\r\n\tat org.openqa.selenium.remote.RemoteWebDriver.<init>(RemoteWebDriver.java:132)\r\n\tat org.openqa.selenium.chrome.ChromeDriver.<init>(ChromeDriver.java:181)\r\n\tat org.openqa.selenium.chrome.ChromeDriver.<init>(ChromeDriver.java:168)\r\n\tat org.openqa.selenium.chrome.ChromeDriver.<init>(ChromeDriver.java:123)\r\n\tat StepDefinition.login.URL_should_open_successfully(login.java:29)\r\n\tat ✽.URL should open successfully(file:src/main/java/Feature/login.feature:5)\r\n"},"stage":"finished","steps":[{"name":"Given  URL should open successfully","status":"broken","statusDetails":{"known":false,"muted":false,"flaky":false,"message":"session not created: This version of ChromeDriver only supports Chrome version 93\nCurrent browser version is 110.0.5481.77 with binary path C:\\Program Files\\Google\\Chrome\\Application\\chrome.exe\nBuild info: version: '3.11.0', revision: 'e59cfb3', time: '2018-03-11T20:26:55.152Z'\nSystem info: host: 'SS-LPT-LEN-JDFC', ip: '192.168.0.107', os.name: 'Windows 10', os.arch: 'amd64', os.version: '10.0', java.version: '17'\nDriver info: driver.version: ChromeDriver\nremote stacktrace: Backtrace:\n\tOrdinal0 [0x0054D403+2479107]\n\tOrdinal0 [0x004E7D51+2063697]\n\tOrdinal0 [0x003F20C8+1056968]\n\tOrdinal0 [0x0041043A+1180730]\n\tOrdinal0 [0x0040C355+1164117]\n\tOrdinal0 [0x00409B7F+1153919]\n\tOrdinal0 [0x00439CBF+1350847]\n\tOrdinal0 [0x0043992A+1349930]\n\tOrdinal0 [0x0043583B+1333307]\n\tOrdinal0 [0x00411F94+1187732]\n\tOrdinal0 [0x00412DE9+1191401]\n\tGetHandleVerifier [0x006CF3F6+1531734]\n\tGetHandleVerifier [0x0077E9AE+2249998]\n\tGetHandleVerifier [0x005D39AB+501003]\n\tGetHandleVerifier [0x005D2A29+497033]\n\tOrdinal0 [0x004ED11D+2085149]\n\tOrdinal0 [0x004F11C8+2101704]\n\tOrdinal0 [0x004F1302+2102018]\n\tOrdinal0 [0x004FAA71+2140785]\n\tBaseThreadInitThunk [0x75D400F9+25]\n\tRtlGetAppContainerNamedObjectPath [0x77487BBE+286]\n\tRtlGetAppContainerNamedObjectPath [0x77487B8E+238]\n","trace":"org.openqa.selenium.SessionNotCreatedException: session not created: This version of ChromeDriver only supports Chrome version 93\nCurrent browser version is 110.0.5481.77 with binary path C:\\Program Files\\Google\\Chrome\\Application\\chrome.exe\nBuild info: version: '3.11.0', revision: 'e59cfb3', time: '2018-03-11T20:26:55.152Z'\nSystem info: host: 'SS-LPT-LEN-JDFC', ip: '192.168.0.107', os.name: 'Windows 10', os.arch: 'amd64', os.version: '10.0', java.version: '17'\nDriver info: driver.version: ChromeDriver\nremote stacktrace: Backtrace:\n\tOrdinal0 [0x0054D403+2479107]\n\tOrdinal0 [0x004E7D51+2063697]\n\tOrdinal0 [0x003F20C8+1056968]\n\tOrdinal0 [0x0041043A+1180730]\n\tOrdinal0 [0x0040C355+1164117]\n\tOrdinal0 [0x00409B7F+1153919]\n\tOrdinal0 [0x00439CBF+1350847]\n\tOrdinal0 [0x0043992A+1349930]\n\tOrdinal0 [0x0043583B+1333307]\n\tOrdinal0 [0x00411F94+1187732]\n\tOrdinal0 [0x00412DE9+1191401]\n\tGetHandleVerifier [0x006CF3F6+1531734]\n\tGetHandleVerifier [0x0077E9AE+2249998]\n\tGetHandleVerifier [0x005D39AB+501003]\n\tGetHandleVerifier [0x005D2A29+497033]\n\tOrdinal0 [0x004ED11D+2085149]\n\tOrdinal0 [0x004F11C8+2101704]\n\tOrdinal0 [0x004F1302+2102018]\n\tOrdinal0 [0x004FAA71+2140785]\n\tBaseThreadInitThunk [0x75D400F9+25]\n\tRtlGetAppContainerNamedObjectPath [0x77487BBE+286]\n\tRtlGetAppContainerNamedObjectPath [0x77487B8E+238]\n\r\n\tat java.base/jdk.internal.reflect.NativeConstructorAccessorImpl.newInstance0(Native Method)\r\n\tat java.base/jdk.internal.reflect.NativeConstructorAccessorImpl.newInstance(NativeConstructorAccessorImpl.java:77)\r\n\tat java.base/jdk.internal.reflect.DelegatingConstructorAccessorImpl.newInstance(DelegatingConstructorAccessorImpl.java:45)\r\n\tat java.base/java.lang.reflect.Constructor.newInstanceWithCaller(Constructor.java:499)\r\n\tat java.base/java.lang.reflect.Constructor.newInstance(Constructor.java:480)\r\n\tat org.openqa.selenium.remote.W3CHandshakeResponse.lambda$new$0(W3CHandshakeResponse.java:57)\r\n\tat org.openqa.selenium.remote.W3CHandshakeResponse.lambda$getResponseFunction$2(W3CHandshakeResponse.java:104)\r\n\tat org.openqa.selenium.remote.ProtocolHandshake.lambda$createSession$0(ProtocolHandshake.java:123)\r\n\tat java.base/java.util.stream.ReferencePipeline$3$1.accept(ReferencePipeline.java:197)\r\n\tat java.base/java.util.Spliterators$ArraySpliterator.tryAdvance(Spliterators.java:1002)\r\n\tat java.base/java.util.stream.ReferencePipeline.forEachWithCancel(ReferencePipeline.java:129)\r\n\tat java.base/java.util.stream.AbstractPipeline.copyIntoWithCancel(AbstractPipeline.java:527)\r\n\tat java.base/java.util.stream.AbstractPipeline.copyInto(AbstractPipeline.java:513)\r\n\tat java.base/java.util.stream.AbstractPipeline.wrapAndCopyInto(AbstractPipeline.java:499)\r\n\tat java.base/java.util.stream.FindOps$FindOp.evaluateSequential(FindOps.java:150)\r\n\tat java.base/java.util.stream.AbstractPipeline.evaluate(AbstractPipeline.java:234)\r\n\tat java.base/java.util.stream.ReferencePipeline.findFirst(ReferencePipeline.java:647)\r\n\tat org.openqa.selenium.remote.ProtocolHandshake.createSession(ProtocolHandshake.java:126)\r\n\tat org.openqa.selenium.remote.ProtocolHandshake.createSession(ProtocolHandshake.java:73)\r\n\tat org.openqa.selenium.remote.HttpCommandExecutor.execute(HttpCommandExecutor.java:136)\r\n\tat org.openqa.selenium.remote.service.DriverCommandExecutor.execute(DriverCommandExecutor.java:83)\r\n\tat org.openqa.selenium.remote.RemoteWebDriver.execute(RemoteWebDriver.java:545)\r\n\tat org.openqa.selenium.remote.RemoteWebDriver.startSession(RemoteWebDriver.java:209)\r\n\tat org.openqa.selenium.remote.RemoteWebDriver.<init>(RemoteWebDriver.java:132)\r\n\tat org.openqa.selenium.chrome.ChromeDriver.<init>(ChromeDriver.java:181)\r\n\tat org.openqa.selenium.chrome.ChromeDriver.<init>(ChromeDriver.java:168)\r\n\tat org.openqa.selenium.chrome.ChromeDriver.<init>(ChromeDriver.java:123)\r\n\tat StepDefinition.login.URL_should_open_successfully(login.java:29)\r\n\tat ✽.URL should open successfully(file:src/main/java/Feature/login.feature:5)\r\n"},"stage":"finished","steps":[],"attachments":[],"parameters":[],"start":1676130158876,"stop":1676130160826},{"name":"When  user click on walk_through button","status":"skipped","statusDetails":{"known":false,"muted":false,"flaky":false},"stage":"finished","steps":[],"attachments":[],"parameters":[],"start":1676130160827,"stop":1676130160829},{"name":"When  user enter first name","status":"skipped","statusDetails":{"known":false,"muted":false,"flaky":false},"stage":"finished","steps":[],"attachments":[],"parameters":[],"start":1676130160831,"stop":1676130160834},{"name":"When  user enter last name","status":"skipped","statusDetails":{"known":false,"muted":false,"flaky":false},"stage":"finished","steps":[],"attachments":[],"parameters":[],"start":1676130160835,"stop":1676130160835},{"name":"When  user enter email address","status":"skipped","statusDetails":{"known":false,"muted":false,"flaky":false},"stage":"finished","steps":[],"attachments":[],"parameters":[],"start":1676130160836,"stop":1676130160840},{"name":"When  user enter phone number","status":"skipped","statusDetails":{"known":false,"muted":false,"flaky":false},"stage":"finished","steps":[],"attachments":[],"parameters":[],"start":1676130160840,"stop":1676130160841},{"name":"When  user enter valid date","status":"skipped","statusDetails":{"known":false,"muted":false,"flaky":false},"stage":"finished","steps":[],"attachments":[],"parameters":[],"start":1676130160841,"stop":1676130160842},{"name":"Then  user click on submit button","status":"skipped","statusDetails":{"known":false,"muted":false,"flaky":false},"stage":"finished","steps":[],"attachments":[],"parameters":[],"start":1676130160842,"stop":1676130160842},{"name":"Then  form should be submitted successfully 'Thank you for contacting us. Your Demo has been scheduled.'","status":"skipped","statusDetails":{"known":false,"muted":false,"flaky":false},"stage":"finished","steps":[],"attachments":[],"parameters":[],"start":1676130160842,"stop":1676130160843}],"attachments":[],"parameters":[],"start":1676130158871,"stop":1676130160847,"uuid":"c8426f70-617e-4e26-b731-3ba4302b7a6e","historyId":"823c3e7e4fed4dd1f896bb7e204e3660","fullName":"SixSigma: User should be able to submit form by entering valid details","labels":[{"name":"tag","value":"WalkThrough"},{"name":"host","value":"SS-LPT-LEN-JDFC"},{"name":"thread","value":"6700@SS-LPT-LEN-JDFC.main(1)"},{"name":"feature","value":"SixSigma"},{"name":"story","value":"User should be able to submit form by entering valid details"},{"name":"package","value":"src.main.java.Feature.SixSigma"},{"name":"suite","value":"SixSigma"},{"name":"testClass","value":"User should be able to submit form by entering valid details"},{"name":"framework","value":"cucumber4jvm"},{"name":"language","value":"java"},{"name":"gherkin_uri","value":"file:src/main/java/Feature/login.feature"}],"links":[]}